ARM GAS  C:\Users\Dylan\AppData\Local\Temp\ccEiFq7A.s 			page 1


   1              		.cpu cortex-m0
   2              		.arch armv6s-m
   3              		.fpu softvfp
   4              		.eabi_attribute 20, 1
   5              		.eabi_attribute 21, 1
   6              		.eabi_attribute 23, 3
   7              		.eabi_attribute 24, 1
   8              		.eabi_attribute 25, 1
   9              		.eabi_attribute 26, 1
  10              		.eabi_attribute 30, 1
  11              		.eabi_attribute 34, 0
  12              		.eabi_attribute 18, 4
  13              		.file	"stm32f0xx_hal_i2c_ex.c"
  14              		.text
  15              	.Ltext0:
  16              		.cfi_sections	.debug_frame
  17              		.section	.text.HAL_I2CEx_ConfigAnalogFilter,"ax",%progbits
  18              		.align	1
  19              		.global	HAL_I2CEx_ConfigAnalogFilter
  20              		.syntax unified
  21              		.code	16
  22              		.thumb_func
  24              	HAL_I2CEx_ConfigAnalogFilter:
  25              	.LVL0:
  26              	.LFB40:
  27              		.file 1 "Drivers/STM32F0xx_HAL_Driver/Src/stm32f0xx_hal_i2c_ex.c"
   1:Drivers/STM32F0xx_HAL_Driver/Src/stm32f0xx_hal_i2c_ex.c **** /**
   2:Drivers/STM32F0xx_HAL_Driver/Src/stm32f0xx_hal_i2c_ex.c ****   ******************************************************************************
   3:Drivers/STM32F0xx_HAL_Driver/Src/stm32f0xx_hal_i2c_ex.c ****   * @file    stm32f0xx_hal_i2c_ex.c
   4:Drivers/STM32F0xx_HAL_Driver/Src/stm32f0xx_hal_i2c_ex.c ****   * @author  MCD Application Team
   5:Drivers/STM32F0xx_HAL_Driver/Src/stm32f0xx_hal_i2c_ex.c ****   * @brief   I2C Extended HAL module driver.
   6:Drivers/STM32F0xx_HAL_Driver/Src/stm32f0xx_hal_i2c_ex.c ****   *          This file provides firmware functions to manage the following
   7:Drivers/STM32F0xx_HAL_Driver/Src/stm32f0xx_hal_i2c_ex.c ****   *          functionalities of I2C Extended peripheral:
   8:Drivers/STM32F0xx_HAL_Driver/Src/stm32f0xx_hal_i2c_ex.c ****   *           + Filter Mode Functions
   9:Drivers/STM32F0xx_HAL_Driver/Src/stm32f0xx_hal_i2c_ex.c ****   *           + WakeUp Mode Functions
  10:Drivers/STM32F0xx_HAL_Driver/Src/stm32f0xx_hal_i2c_ex.c ****   *           + FastModePlus Functions
  11:Drivers/STM32F0xx_HAL_Driver/Src/stm32f0xx_hal_i2c_ex.c ****   *
  12:Drivers/STM32F0xx_HAL_Driver/Src/stm32f0xx_hal_i2c_ex.c ****   ******************************************************************************
  13:Drivers/STM32F0xx_HAL_Driver/Src/stm32f0xx_hal_i2c_ex.c ****   * @attention
  14:Drivers/STM32F0xx_HAL_Driver/Src/stm32f0xx_hal_i2c_ex.c ****   *
  15:Drivers/STM32F0xx_HAL_Driver/Src/stm32f0xx_hal_i2c_ex.c ****   * Copyright (c) 2016 STMicroelectronics.
  16:Drivers/STM32F0xx_HAL_Driver/Src/stm32f0xx_hal_i2c_ex.c ****   * All rights reserved.
  17:Drivers/STM32F0xx_HAL_Driver/Src/stm32f0xx_hal_i2c_ex.c ****   *
  18:Drivers/STM32F0xx_HAL_Driver/Src/stm32f0xx_hal_i2c_ex.c ****   * This software is licensed under terms that can be found in the LICENSE file
  19:Drivers/STM32F0xx_HAL_Driver/Src/stm32f0xx_hal_i2c_ex.c ****   * in the root directory of this software component.
  20:Drivers/STM32F0xx_HAL_Driver/Src/stm32f0xx_hal_i2c_ex.c ****   * If no LICENSE file comes with this software, it is provided AS-IS.
  21:Drivers/STM32F0xx_HAL_Driver/Src/stm32f0xx_hal_i2c_ex.c ****   *
  22:Drivers/STM32F0xx_HAL_Driver/Src/stm32f0xx_hal_i2c_ex.c ****   ******************************************************************************
  23:Drivers/STM32F0xx_HAL_Driver/Src/stm32f0xx_hal_i2c_ex.c ****   @verbatim
  24:Drivers/STM32F0xx_HAL_Driver/Src/stm32f0xx_hal_i2c_ex.c ****   ==============================================================================
  25:Drivers/STM32F0xx_HAL_Driver/Src/stm32f0xx_hal_i2c_ex.c ****                ##### I2C peripheral Extended features  #####
  26:Drivers/STM32F0xx_HAL_Driver/Src/stm32f0xx_hal_i2c_ex.c ****   ==============================================================================
  27:Drivers/STM32F0xx_HAL_Driver/Src/stm32f0xx_hal_i2c_ex.c **** 
  28:Drivers/STM32F0xx_HAL_Driver/Src/stm32f0xx_hal_i2c_ex.c ****   [..] Comparing to other previous devices, the I2C interface for STM32F0xx
  29:Drivers/STM32F0xx_HAL_Driver/Src/stm32f0xx_hal_i2c_ex.c ****        devices contains the following additional features
  30:Drivers/STM32F0xx_HAL_Driver/Src/stm32f0xx_hal_i2c_ex.c **** 
  31:Drivers/STM32F0xx_HAL_Driver/Src/stm32f0xx_hal_i2c_ex.c ****        (+) Possibility to disable or enable Analog Noise Filter
ARM GAS  C:\Users\Dylan\AppData\Local\Temp\ccEiFq7A.s 			page 2


  32:Drivers/STM32F0xx_HAL_Driver/Src/stm32f0xx_hal_i2c_ex.c ****        (+) Use of a configured Digital Noise Filter
  33:Drivers/STM32F0xx_HAL_Driver/Src/stm32f0xx_hal_i2c_ex.c ****        (+) Disable or enable wakeup from Stop mode(s)
  34:Drivers/STM32F0xx_HAL_Driver/Src/stm32f0xx_hal_i2c_ex.c ****        (+) Disable or enable Fast Mode Plus
  35:Drivers/STM32F0xx_HAL_Driver/Src/stm32f0xx_hal_i2c_ex.c **** 
  36:Drivers/STM32F0xx_HAL_Driver/Src/stm32f0xx_hal_i2c_ex.c ****                      ##### How to use this driver #####
  37:Drivers/STM32F0xx_HAL_Driver/Src/stm32f0xx_hal_i2c_ex.c ****   ==============================================================================
  38:Drivers/STM32F0xx_HAL_Driver/Src/stm32f0xx_hal_i2c_ex.c ****   [..] This driver provides functions to configure Noise Filter and Wake Up Feature
  39:Drivers/STM32F0xx_HAL_Driver/Src/stm32f0xx_hal_i2c_ex.c ****     (#) Configure I2C Analog noise filter using the function HAL_I2CEx_ConfigAnalogFilter()
  40:Drivers/STM32F0xx_HAL_Driver/Src/stm32f0xx_hal_i2c_ex.c ****     (#) Configure I2C Digital noise filter using the function HAL_I2CEx_ConfigDigitalFilter()
  41:Drivers/STM32F0xx_HAL_Driver/Src/stm32f0xx_hal_i2c_ex.c ****     (#) Configure the enable or disable of I2C Wake Up Mode using the functions :
  42:Drivers/STM32F0xx_HAL_Driver/Src/stm32f0xx_hal_i2c_ex.c ****           (++) HAL_I2CEx_EnableWakeUp()
  43:Drivers/STM32F0xx_HAL_Driver/Src/stm32f0xx_hal_i2c_ex.c ****           (++) HAL_I2CEx_DisableWakeUp()
  44:Drivers/STM32F0xx_HAL_Driver/Src/stm32f0xx_hal_i2c_ex.c ****     (#) Configure the enable or disable of fast mode plus driving capability using the functions :
  45:Drivers/STM32F0xx_HAL_Driver/Src/stm32f0xx_hal_i2c_ex.c ****           (++) HAL_I2CEx_EnableFastModePlus()
  46:Drivers/STM32F0xx_HAL_Driver/Src/stm32f0xx_hal_i2c_ex.c ****           (++) HAL_I2CEx_DisableFastModePlus()
  47:Drivers/STM32F0xx_HAL_Driver/Src/stm32f0xx_hal_i2c_ex.c ****   @endverbatim
  48:Drivers/STM32F0xx_HAL_Driver/Src/stm32f0xx_hal_i2c_ex.c ****   */
  49:Drivers/STM32F0xx_HAL_Driver/Src/stm32f0xx_hal_i2c_ex.c **** 
  50:Drivers/STM32F0xx_HAL_Driver/Src/stm32f0xx_hal_i2c_ex.c **** /* Includes ------------------------------------------------------------------*/
  51:Drivers/STM32F0xx_HAL_Driver/Src/stm32f0xx_hal_i2c_ex.c **** #include "stm32f0xx_hal.h"
  52:Drivers/STM32F0xx_HAL_Driver/Src/stm32f0xx_hal_i2c_ex.c **** 
  53:Drivers/STM32F0xx_HAL_Driver/Src/stm32f0xx_hal_i2c_ex.c **** /** @addtogroup STM32F0xx_HAL_Driver
  54:Drivers/STM32F0xx_HAL_Driver/Src/stm32f0xx_hal_i2c_ex.c ****   * @{
  55:Drivers/STM32F0xx_HAL_Driver/Src/stm32f0xx_hal_i2c_ex.c ****   */
  56:Drivers/STM32F0xx_HAL_Driver/Src/stm32f0xx_hal_i2c_ex.c **** 
  57:Drivers/STM32F0xx_HAL_Driver/Src/stm32f0xx_hal_i2c_ex.c **** /** @defgroup I2CEx I2CEx
  58:Drivers/STM32F0xx_HAL_Driver/Src/stm32f0xx_hal_i2c_ex.c ****   * @brief I2C Extended HAL module driver
  59:Drivers/STM32F0xx_HAL_Driver/Src/stm32f0xx_hal_i2c_ex.c ****   * @{
  60:Drivers/STM32F0xx_HAL_Driver/Src/stm32f0xx_hal_i2c_ex.c ****   */
  61:Drivers/STM32F0xx_HAL_Driver/Src/stm32f0xx_hal_i2c_ex.c **** 
  62:Drivers/STM32F0xx_HAL_Driver/Src/stm32f0xx_hal_i2c_ex.c **** #ifdef HAL_I2C_MODULE_ENABLED
  63:Drivers/STM32F0xx_HAL_Driver/Src/stm32f0xx_hal_i2c_ex.c **** 
  64:Drivers/STM32F0xx_HAL_Driver/Src/stm32f0xx_hal_i2c_ex.c **** /* Private typedef -----------------------------------------------------------*/
  65:Drivers/STM32F0xx_HAL_Driver/Src/stm32f0xx_hal_i2c_ex.c **** /* Private define ------------------------------------------------------------*/
  66:Drivers/STM32F0xx_HAL_Driver/Src/stm32f0xx_hal_i2c_ex.c **** /* Private macro -------------------------------------------------------------*/
  67:Drivers/STM32F0xx_HAL_Driver/Src/stm32f0xx_hal_i2c_ex.c **** /* Private variables ---------------------------------------------------------*/
  68:Drivers/STM32F0xx_HAL_Driver/Src/stm32f0xx_hal_i2c_ex.c **** /* Private function prototypes -----------------------------------------------*/
  69:Drivers/STM32F0xx_HAL_Driver/Src/stm32f0xx_hal_i2c_ex.c **** /* Private functions ---------------------------------------------------------*/
  70:Drivers/STM32F0xx_HAL_Driver/Src/stm32f0xx_hal_i2c_ex.c **** 
  71:Drivers/STM32F0xx_HAL_Driver/Src/stm32f0xx_hal_i2c_ex.c **** /** @defgroup I2CEx_Exported_Functions I2C Extended Exported Functions
  72:Drivers/STM32F0xx_HAL_Driver/Src/stm32f0xx_hal_i2c_ex.c ****   * @{
  73:Drivers/STM32F0xx_HAL_Driver/Src/stm32f0xx_hal_i2c_ex.c ****   */
  74:Drivers/STM32F0xx_HAL_Driver/Src/stm32f0xx_hal_i2c_ex.c **** 
  75:Drivers/STM32F0xx_HAL_Driver/Src/stm32f0xx_hal_i2c_ex.c **** /** @defgroup I2CEx_Exported_Functions_Group1 Filter Mode Functions
  76:Drivers/STM32F0xx_HAL_Driver/Src/stm32f0xx_hal_i2c_ex.c ****   * @brief    Filter Mode Functions
  77:Drivers/STM32F0xx_HAL_Driver/Src/stm32f0xx_hal_i2c_ex.c ****   *
  78:Drivers/STM32F0xx_HAL_Driver/Src/stm32f0xx_hal_i2c_ex.c **** @verbatim
  79:Drivers/STM32F0xx_HAL_Driver/Src/stm32f0xx_hal_i2c_ex.c ****  ===============================================================================
  80:Drivers/STM32F0xx_HAL_Driver/Src/stm32f0xx_hal_i2c_ex.c ****                       ##### Filter Mode Functions #####
  81:Drivers/STM32F0xx_HAL_Driver/Src/stm32f0xx_hal_i2c_ex.c ****  ===============================================================================
  82:Drivers/STM32F0xx_HAL_Driver/Src/stm32f0xx_hal_i2c_ex.c ****     [..] This section provides functions allowing to:
  83:Drivers/STM32F0xx_HAL_Driver/Src/stm32f0xx_hal_i2c_ex.c ****       (+) Configure Noise Filters
  84:Drivers/STM32F0xx_HAL_Driver/Src/stm32f0xx_hal_i2c_ex.c **** 
  85:Drivers/STM32F0xx_HAL_Driver/Src/stm32f0xx_hal_i2c_ex.c **** @endverbatim
  86:Drivers/STM32F0xx_HAL_Driver/Src/stm32f0xx_hal_i2c_ex.c ****   * @{
  87:Drivers/STM32F0xx_HAL_Driver/Src/stm32f0xx_hal_i2c_ex.c ****   */
  88:Drivers/STM32F0xx_HAL_Driver/Src/stm32f0xx_hal_i2c_ex.c **** 
ARM GAS  C:\Users\Dylan\AppData\Local\Temp\ccEiFq7A.s 			page 3


  89:Drivers/STM32F0xx_HAL_Driver/Src/stm32f0xx_hal_i2c_ex.c **** /**
  90:Drivers/STM32F0xx_HAL_Driver/Src/stm32f0xx_hal_i2c_ex.c ****   * @brief  Configure I2C Analog noise filter.
  91:Drivers/STM32F0xx_HAL_Driver/Src/stm32f0xx_hal_i2c_ex.c ****   * @param  hi2c Pointer to a I2C_HandleTypeDef structure that contains
  92:Drivers/STM32F0xx_HAL_Driver/Src/stm32f0xx_hal_i2c_ex.c ****   *                the configuration information for the specified I2Cx peripheral.
  93:Drivers/STM32F0xx_HAL_Driver/Src/stm32f0xx_hal_i2c_ex.c ****   * @param  AnalogFilter New state of the Analog filter.
  94:Drivers/STM32F0xx_HAL_Driver/Src/stm32f0xx_hal_i2c_ex.c ****   * @retval HAL status
  95:Drivers/STM32F0xx_HAL_Driver/Src/stm32f0xx_hal_i2c_ex.c ****   */
  96:Drivers/STM32F0xx_HAL_Driver/Src/stm32f0xx_hal_i2c_ex.c **** HAL_StatusTypeDef HAL_I2CEx_ConfigAnalogFilter(I2C_HandleTypeDef *hi2c, uint32_t AnalogFilter)
  97:Drivers/STM32F0xx_HAL_Driver/Src/stm32f0xx_hal_i2c_ex.c **** {
  28              		.loc 1 97 1 view -0
  29              		.cfi_startproc
  30              		@ args = 0, pretend = 0, frame = 0
  31              		@ frame_needed = 0, uses_anonymous_args = 0
  32              		.loc 1 97 1 is_stmt 0 view .LVU1
  33 0000 F0B5     		push	{r4, r5, r6, r7, lr}
  34              		.cfi_def_cfa_offset 20
  35              		.cfi_offset 4, -20
  36              		.cfi_offset 5, -16
  37              		.cfi_offset 6, -12
  38              		.cfi_offset 7, -8
  39              		.cfi_offset 14, -4
  98:Drivers/STM32F0xx_HAL_Driver/Src/stm32f0xx_hal_i2c_ex.c ****   /* Check the parameters */
  99:Drivers/STM32F0xx_HAL_Driver/Src/stm32f0xx_hal_i2c_ex.c ****   assert_param(IS_I2C_ALL_INSTANCE(hi2c->Instance));
  40              		.loc 1 99 3 is_stmt 1 view .LVU2
 100:Drivers/STM32F0xx_HAL_Driver/Src/stm32f0xx_hal_i2c_ex.c ****   assert_param(IS_I2C_ANALOG_FILTER(AnalogFilter));
  41              		.loc 1 100 3 view .LVU3
 101:Drivers/STM32F0xx_HAL_Driver/Src/stm32f0xx_hal_i2c_ex.c **** 
 102:Drivers/STM32F0xx_HAL_Driver/Src/stm32f0xx_hal_i2c_ex.c ****   if (hi2c->State == HAL_I2C_STATE_READY)
  42              		.loc 1 102 3 view .LVU4
  43              		.loc 1 102 11 is_stmt 0 view .LVU5
  44 0002 4123     		movs	r3, #65
  45 0004 C35C     		ldrb	r3, [r0, r3]
  46              		.loc 1 102 6 view .LVU6
  47 0006 202B     		cmp	r3, #32
  48 0008 20D1     		bne	.L3
 103:Drivers/STM32F0xx_HAL_Driver/Src/stm32f0xx_hal_i2c_ex.c ****   {
 104:Drivers/STM32F0xx_HAL_Driver/Src/stm32f0xx_hal_i2c_ex.c ****     /* Process Locked */
 105:Drivers/STM32F0xx_HAL_Driver/Src/stm32f0xx_hal_i2c_ex.c ****     __HAL_LOCK(hi2c);
  49              		.loc 1 105 5 is_stmt 1 view .LVU7
  50              		.loc 1 105 5 view .LVU8
  51 000a 2033     		adds	r3, r3, #32
  52 000c C35C     		ldrb	r3, [r0, r3]
  53 000e 012B     		cmp	r3, #1
  54 0010 1ED0     		beq	.L4
  55              		.loc 1 105 5 discriminator 2 view .LVU9
  56 0012 4024     		movs	r4, #64
  57 0014 0122     		movs	r2, #1
  58 0016 0255     		strb	r2, [r0, r4]
  59              		.loc 1 105 5 discriminator 2 view .LVU10
 106:Drivers/STM32F0xx_HAL_Driver/Src/stm32f0xx_hal_i2c_ex.c **** 
 107:Drivers/STM32F0xx_HAL_Driver/Src/stm32f0xx_hal_i2c_ex.c ****     hi2c->State = HAL_I2C_STATE_BUSY;
  60              		.loc 1 107 5 discriminator 2 view .LVU11
  61              		.loc 1 107 17 is_stmt 0 discriminator 2 view .LVU12
  62 0018 4125     		movs	r5, #65
  63 001a 2423     		movs	r3, #36
  64 001c 4355     		strb	r3, [r0, r5]
 108:Drivers/STM32F0xx_HAL_Driver/Src/stm32f0xx_hal_i2c_ex.c **** 
ARM GAS  C:\Users\Dylan\AppData\Local\Temp\ccEiFq7A.s 			page 4


 109:Drivers/STM32F0xx_HAL_Driver/Src/stm32f0xx_hal_i2c_ex.c ****     /* Disable the selected I2C peripheral */
 110:Drivers/STM32F0xx_HAL_Driver/Src/stm32f0xx_hal_i2c_ex.c ****     __HAL_I2C_DISABLE(hi2c);
  65              		.loc 1 110 5 is_stmt 1 discriminator 2 view .LVU13
  66 001e 0668     		ldr	r6, [r0]
  67 0020 3368     		ldr	r3, [r6]
  68 0022 9343     		bics	r3, r2
  69 0024 3360     		str	r3, [r6]
 111:Drivers/STM32F0xx_HAL_Driver/Src/stm32f0xx_hal_i2c_ex.c **** 
 112:Drivers/STM32F0xx_HAL_Driver/Src/stm32f0xx_hal_i2c_ex.c ****     /* Reset I2Cx ANOFF bit */
 113:Drivers/STM32F0xx_HAL_Driver/Src/stm32f0xx_hal_i2c_ex.c ****     hi2c->Instance->CR1 &= ~(I2C_CR1_ANFOFF);
  70              		.loc 1 113 5 discriminator 2 view .LVU14
  71              		.loc 1 113 9 is_stmt 0 discriminator 2 view .LVU15
  72 0026 0668     		ldr	r6, [r0]
  73              		.loc 1 113 25 discriminator 2 view .LVU16
  74 0028 3368     		ldr	r3, [r6]
  75 002a 0A4F     		ldr	r7, .L5
  76 002c 3B40     		ands	r3, r7
  77 002e 3360     		str	r3, [r6]
 114:Drivers/STM32F0xx_HAL_Driver/Src/stm32f0xx_hal_i2c_ex.c **** 
 115:Drivers/STM32F0xx_HAL_Driver/Src/stm32f0xx_hal_i2c_ex.c ****     /* Set analog filter bit*/
 116:Drivers/STM32F0xx_HAL_Driver/Src/stm32f0xx_hal_i2c_ex.c ****     hi2c->Instance->CR1 |= AnalogFilter;
  78              		.loc 1 116 5 is_stmt 1 discriminator 2 view .LVU17
  79              		.loc 1 116 9 is_stmt 0 discriminator 2 view .LVU18
  80 0030 0668     		ldr	r6, [r0]
  81              		.loc 1 116 25 discriminator 2 view .LVU19
  82 0032 3368     		ldr	r3, [r6]
  83 0034 0B43     		orrs	r3, r1
  84 0036 3360     		str	r3, [r6]
 117:Drivers/STM32F0xx_HAL_Driver/Src/stm32f0xx_hal_i2c_ex.c **** 
 118:Drivers/STM32F0xx_HAL_Driver/Src/stm32f0xx_hal_i2c_ex.c ****     __HAL_I2C_ENABLE(hi2c);
  85              		.loc 1 118 5 is_stmt 1 discriminator 2 view .LVU20
  86 0038 0168     		ldr	r1, [r0]
  87              	.LVL1:
  88              		.loc 1 118 5 is_stmt 0 discriminator 2 view .LVU21
  89 003a 0B68     		ldr	r3, [r1]
  90 003c 1343     		orrs	r3, r2
  91 003e 0B60     		str	r3, [r1]
 119:Drivers/STM32F0xx_HAL_Driver/Src/stm32f0xx_hal_i2c_ex.c **** 
 120:Drivers/STM32F0xx_HAL_Driver/Src/stm32f0xx_hal_i2c_ex.c ****     hi2c->State = HAL_I2C_STATE_READY;
  92              		.loc 1 120 5 is_stmt 1 discriminator 2 view .LVU22
  93              		.loc 1 120 17 is_stmt 0 discriminator 2 view .LVU23
  94 0040 2023     		movs	r3, #32
  95 0042 4355     		strb	r3, [r0, r5]
 121:Drivers/STM32F0xx_HAL_Driver/Src/stm32f0xx_hal_i2c_ex.c **** 
 122:Drivers/STM32F0xx_HAL_Driver/Src/stm32f0xx_hal_i2c_ex.c ****     /* Process Unlocked */
 123:Drivers/STM32F0xx_HAL_Driver/Src/stm32f0xx_hal_i2c_ex.c ****     __HAL_UNLOCK(hi2c);
  96              		.loc 1 123 5 is_stmt 1 discriminator 2 view .LVU24
  97              		.loc 1 123 5 discriminator 2 view .LVU25
  98 0044 0023     		movs	r3, #0
  99 0046 0355     		strb	r3, [r0, r4]
 100              		.loc 1 123 5 discriminator 2 view .LVU26
 124:Drivers/STM32F0xx_HAL_Driver/Src/stm32f0xx_hal_i2c_ex.c **** 
 125:Drivers/STM32F0xx_HAL_Driver/Src/stm32f0xx_hal_i2c_ex.c ****     return HAL_OK;
 101              		.loc 1 125 5 discriminator 2 view .LVU27
 102              		.loc 1 125 12 is_stmt 0 discriminator 2 view .LVU28
 103 0048 0020     		movs	r0, #0
 104              	.LVL2:
ARM GAS  C:\Users\Dylan\AppData\Local\Temp\ccEiFq7A.s 			page 5


 105              	.L2:
 126:Drivers/STM32F0xx_HAL_Driver/Src/stm32f0xx_hal_i2c_ex.c ****   }
 127:Drivers/STM32F0xx_HAL_Driver/Src/stm32f0xx_hal_i2c_ex.c ****   else
 128:Drivers/STM32F0xx_HAL_Driver/Src/stm32f0xx_hal_i2c_ex.c ****   {
 129:Drivers/STM32F0xx_HAL_Driver/Src/stm32f0xx_hal_i2c_ex.c ****     return HAL_BUSY;
 130:Drivers/STM32F0xx_HAL_Driver/Src/stm32f0xx_hal_i2c_ex.c ****   }
 131:Drivers/STM32F0xx_HAL_Driver/Src/stm32f0xx_hal_i2c_ex.c **** }
 106              		.loc 1 131 1 view .LVU29
 107              		@ sp needed
 108 004a F0BD     		pop	{r4, r5, r6, r7, pc}
 109              	.LVL3:
 110              	.L3:
 129:Drivers/STM32F0xx_HAL_Driver/Src/stm32f0xx_hal_i2c_ex.c ****   }
 111              		.loc 1 129 12 view .LVU30
 112 004c 0220     		movs	r0, #2
 113              	.LVL4:
 129:Drivers/STM32F0xx_HAL_Driver/Src/stm32f0xx_hal_i2c_ex.c ****   }
 114              		.loc 1 129 12 view .LVU31
 115 004e FCE7     		b	.L2
 116              	.LVL5:
 117              	.L4:
 105:Drivers/STM32F0xx_HAL_Driver/Src/stm32f0xx_hal_i2c_ex.c **** 
 118              		.loc 1 105 5 view .LVU32
 119 0050 0220     		movs	r0, #2
 120              	.LVL6:
 105:Drivers/STM32F0xx_HAL_Driver/Src/stm32f0xx_hal_i2c_ex.c **** 
 121              		.loc 1 105 5 view .LVU33
 122 0052 FAE7     		b	.L2
 123              	.L6:
 124              		.align	2
 125              	.L5:
 126 0054 FFEFFFFF 		.word	-4097
 127              		.cfi_endproc
 128              	.LFE40:
 130              		.section	.text.HAL_I2CEx_ConfigDigitalFilter,"ax",%progbits
 131              		.align	1
 132              		.global	HAL_I2CEx_ConfigDigitalFilter
 133              		.syntax unified
 134              		.code	16
 135              		.thumb_func
 137              	HAL_I2CEx_ConfigDigitalFilter:
 138              	.LVL7:
 139              	.LFB41:
 132:Drivers/STM32F0xx_HAL_Driver/Src/stm32f0xx_hal_i2c_ex.c **** 
 133:Drivers/STM32F0xx_HAL_Driver/Src/stm32f0xx_hal_i2c_ex.c **** /**
 134:Drivers/STM32F0xx_HAL_Driver/Src/stm32f0xx_hal_i2c_ex.c ****   * @brief  Configure I2C Digital noise filter.
 135:Drivers/STM32F0xx_HAL_Driver/Src/stm32f0xx_hal_i2c_ex.c ****   * @param  hi2c Pointer to a I2C_HandleTypeDef structure that contains
 136:Drivers/STM32F0xx_HAL_Driver/Src/stm32f0xx_hal_i2c_ex.c ****   *                the configuration information for the specified I2Cx peripheral.
 137:Drivers/STM32F0xx_HAL_Driver/Src/stm32f0xx_hal_i2c_ex.c ****   * @param  DigitalFilter Coefficient of digital noise filter between Min_Data=0x00 and Max_Data=0x
 138:Drivers/STM32F0xx_HAL_Driver/Src/stm32f0xx_hal_i2c_ex.c ****   * @retval HAL status
 139:Drivers/STM32F0xx_HAL_Driver/Src/stm32f0xx_hal_i2c_ex.c ****   */
 140:Drivers/STM32F0xx_HAL_Driver/Src/stm32f0xx_hal_i2c_ex.c **** HAL_StatusTypeDef HAL_I2CEx_ConfigDigitalFilter(I2C_HandleTypeDef *hi2c, uint32_t DigitalFilter)
 141:Drivers/STM32F0xx_HAL_Driver/Src/stm32f0xx_hal_i2c_ex.c **** {
 140              		.loc 1 141 1 is_stmt 1 view -0
 141              		.cfi_startproc
 142              		@ args = 0, pretend = 0, frame = 0
 143              		@ frame_needed = 0, uses_anonymous_args = 0
ARM GAS  C:\Users\Dylan\AppData\Local\Temp\ccEiFq7A.s 			page 6


 144              		.loc 1 141 1 is_stmt 0 view .LVU35
 145 0000 F0B5     		push	{r4, r5, r6, r7, lr}
 146              		.cfi_def_cfa_offset 20
 147              		.cfi_offset 4, -20
 148              		.cfi_offset 5, -16
 149              		.cfi_offset 6, -12
 150              		.cfi_offset 7, -8
 151              		.cfi_offset 14, -4
 142:Drivers/STM32F0xx_HAL_Driver/Src/stm32f0xx_hal_i2c_ex.c ****   uint32_t tmpreg;
 152              		.loc 1 142 3 is_stmt 1 view .LVU36
 143:Drivers/STM32F0xx_HAL_Driver/Src/stm32f0xx_hal_i2c_ex.c **** 
 144:Drivers/STM32F0xx_HAL_Driver/Src/stm32f0xx_hal_i2c_ex.c ****   /* Check the parameters */
 145:Drivers/STM32F0xx_HAL_Driver/Src/stm32f0xx_hal_i2c_ex.c ****   assert_param(IS_I2C_ALL_INSTANCE(hi2c->Instance));
 153              		.loc 1 145 3 view .LVU37
 146:Drivers/STM32F0xx_HAL_Driver/Src/stm32f0xx_hal_i2c_ex.c ****   assert_param(IS_I2C_DIGITAL_FILTER(DigitalFilter));
 154              		.loc 1 146 3 view .LVU38
 147:Drivers/STM32F0xx_HAL_Driver/Src/stm32f0xx_hal_i2c_ex.c **** 
 148:Drivers/STM32F0xx_HAL_Driver/Src/stm32f0xx_hal_i2c_ex.c ****   if (hi2c->State == HAL_I2C_STATE_READY)
 155              		.loc 1 148 3 view .LVU39
 156              		.loc 1 148 11 is_stmt 0 view .LVU40
 157 0002 4123     		movs	r3, #65
 158 0004 C35C     		ldrb	r3, [r0, r3]
 159              		.loc 1 148 6 view .LVU41
 160 0006 202B     		cmp	r3, #32
 161 0008 1ED1     		bne	.L9
 149:Drivers/STM32F0xx_HAL_Driver/Src/stm32f0xx_hal_i2c_ex.c ****   {
 150:Drivers/STM32F0xx_HAL_Driver/Src/stm32f0xx_hal_i2c_ex.c ****     /* Process Locked */
 151:Drivers/STM32F0xx_HAL_Driver/Src/stm32f0xx_hal_i2c_ex.c ****     __HAL_LOCK(hi2c);
 162              		.loc 1 151 5 is_stmt 1 view .LVU42
 163              		.loc 1 151 5 view .LVU43
 164 000a 2033     		adds	r3, r3, #32
 165 000c C35C     		ldrb	r3, [r0, r3]
 166 000e 012B     		cmp	r3, #1
 167 0010 1CD0     		beq	.L10
 168              		.loc 1 151 5 discriminator 2 view .LVU44
 169 0012 4024     		movs	r4, #64
 170 0014 0122     		movs	r2, #1
 171 0016 0255     		strb	r2, [r0, r4]
 172              		.loc 1 151 5 discriminator 2 view .LVU45
 152:Drivers/STM32F0xx_HAL_Driver/Src/stm32f0xx_hal_i2c_ex.c **** 
 153:Drivers/STM32F0xx_HAL_Driver/Src/stm32f0xx_hal_i2c_ex.c ****     hi2c->State = HAL_I2C_STATE_BUSY;
 173              		.loc 1 153 5 discriminator 2 view .LVU46
 174              		.loc 1 153 17 is_stmt 0 discriminator 2 view .LVU47
 175 0018 4125     		movs	r5, #65
 176 001a 2423     		movs	r3, #36
 177 001c 4355     		strb	r3, [r0, r5]
 154:Drivers/STM32F0xx_HAL_Driver/Src/stm32f0xx_hal_i2c_ex.c **** 
 155:Drivers/STM32F0xx_HAL_Driver/Src/stm32f0xx_hal_i2c_ex.c ****     /* Disable the selected I2C peripheral */
 156:Drivers/STM32F0xx_HAL_Driver/Src/stm32f0xx_hal_i2c_ex.c ****     __HAL_I2C_DISABLE(hi2c);
 178              		.loc 1 156 5 is_stmt 1 discriminator 2 view .LVU48
 179 001e 0668     		ldr	r6, [r0]
 180 0020 3368     		ldr	r3, [r6]
 181 0022 9343     		bics	r3, r2
 182 0024 3360     		str	r3, [r6]
 157:Drivers/STM32F0xx_HAL_Driver/Src/stm32f0xx_hal_i2c_ex.c **** 
 158:Drivers/STM32F0xx_HAL_Driver/Src/stm32f0xx_hal_i2c_ex.c ****     /* Get the old register value */
 159:Drivers/STM32F0xx_HAL_Driver/Src/stm32f0xx_hal_i2c_ex.c ****     tmpreg = hi2c->Instance->CR1;
ARM GAS  C:\Users\Dylan\AppData\Local\Temp\ccEiFq7A.s 			page 7


 183              		.loc 1 159 5 discriminator 2 view .LVU49
 184              		.loc 1 159 18 is_stmt 0 discriminator 2 view .LVU50
 185 0026 0668     		ldr	r6, [r0]
 186              		.loc 1 159 12 discriminator 2 view .LVU51
 187 0028 3368     		ldr	r3, [r6]
 188              	.LVL8:
 160:Drivers/STM32F0xx_HAL_Driver/Src/stm32f0xx_hal_i2c_ex.c **** 
 161:Drivers/STM32F0xx_HAL_Driver/Src/stm32f0xx_hal_i2c_ex.c ****     /* Reset I2Cx DNF bits [11:8] */
 162:Drivers/STM32F0xx_HAL_Driver/Src/stm32f0xx_hal_i2c_ex.c ****     tmpreg &= ~(I2C_CR1_DNF);
 189              		.loc 1 162 5 is_stmt 1 discriminator 2 view .LVU52
 190              		.loc 1 162 12 is_stmt 0 discriminator 2 view .LVU53
 191 002a 094F     		ldr	r7, .L11
 192 002c 3B40     		ands	r3, r7
 193              	.LVL9:
 163:Drivers/STM32F0xx_HAL_Driver/Src/stm32f0xx_hal_i2c_ex.c **** 
 164:Drivers/STM32F0xx_HAL_Driver/Src/stm32f0xx_hal_i2c_ex.c ****     /* Set I2Cx DNF coefficient */
 165:Drivers/STM32F0xx_HAL_Driver/Src/stm32f0xx_hal_i2c_ex.c ****     tmpreg |= DigitalFilter << 8U;
 194              		.loc 1 165 5 is_stmt 1 discriminator 2 view .LVU54
 195              		.loc 1 165 29 is_stmt 0 discriminator 2 view .LVU55
 196 002e 0902     		lsls	r1, r1, #8
 197              	.LVL10:
 198              		.loc 1 165 12 discriminator 2 view .LVU56
 199 0030 1943     		orrs	r1, r3
 200              	.LVL11:
 166:Drivers/STM32F0xx_HAL_Driver/Src/stm32f0xx_hal_i2c_ex.c **** 
 167:Drivers/STM32F0xx_HAL_Driver/Src/stm32f0xx_hal_i2c_ex.c ****     /* Store the new register value */
 168:Drivers/STM32F0xx_HAL_Driver/Src/stm32f0xx_hal_i2c_ex.c ****     hi2c->Instance->CR1 = tmpreg;
 201              		.loc 1 168 5 is_stmt 1 discriminator 2 view .LVU57
 202              		.loc 1 168 25 is_stmt 0 discriminator 2 view .LVU58
 203 0032 3160     		str	r1, [r6]
 169:Drivers/STM32F0xx_HAL_Driver/Src/stm32f0xx_hal_i2c_ex.c **** 
 170:Drivers/STM32F0xx_HAL_Driver/Src/stm32f0xx_hal_i2c_ex.c ****     __HAL_I2C_ENABLE(hi2c);
 204              		.loc 1 170 5 is_stmt 1 discriminator 2 view .LVU59
 205 0034 0168     		ldr	r1, [r0]
 206              	.LVL12:
 207              		.loc 1 170 5 is_stmt 0 discriminator 2 view .LVU60
 208 0036 0B68     		ldr	r3, [r1]
 209 0038 1343     		orrs	r3, r2
 210 003a 0B60     		str	r3, [r1]
 211              	.LVL13:
 171:Drivers/STM32F0xx_HAL_Driver/Src/stm32f0xx_hal_i2c_ex.c **** 
 172:Drivers/STM32F0xx_HAL_Driver/Src/stm32f0xx_hal_i2c_ex.c ****     hi2c->State = HAL_I2C_STATE_READY;
 212              		.loc 1 172 5 is_stmt 1 discriminator 2 view .LVU61
 213              		.loc 1 172 17 is_stmt 0 discriminator 2 view .LVU62
 214 003c 2023     		movs	r3, #32
 215 003e 4355     		strb	r3, [r0, r5]
 173:Drivers/STM32F0xx_HAL_Driver/Src/stm32f0xx_hal_i2c_ex.c **** 
 174:Drivers/STM32F0xx_HAL_Driver/Src/stm32f0xx_hal_i2c_ex.c ****     /* Process Unlocked */
 175:Drivers/STM32F0xx_HAL_Driver/Src/stm32f0xx_hal_i2c_ex.c ****     __HAL_UNLOCK(hi2c);
 216              		.loc 1 175 5 is_stmt 1 discriminator 2 view .LVU63
 217              		.loc 1 175 5 discriminator 2 view .LVU64
 218 0040 0023     		movs	r3, #0
 219 0042 0355     		strb	r3, [r0, r4]
 220              		.loc 1 175 5 discriminator 2 view .LVU65
 176:Drivers/STM32F0xx_HAL_Driver/Src/stm32f0xx_hal_i2c_ex.c **** 
 177:Drivers/STM32F0xx_HAL_Driver/Src/stm32f0xx_hal_i2c_ex.c ****     return HAL_OK;
 221              		.loc 1 177 5 discriminator 2 view .LVU66
ARM GAS  C:\Users\Dylan\AppData\Local\Temp\ccEiFq7A.s 			page 8


 222              		.loc 1 177 12 is_stmt 0 discriminator 2 view .LVU67
 223 0044 0020     		movs	r0, #0
 224              	.LVL14:
 225              	.L8:
 178:Drivers/STM32F0xx_HAL_Driver/Src/stm32f0xx_hal_i2c_ex.c ****   }
 179:Drivers/STM32F0xx_HAL_Driver/Src/stm32f0xx_hal_i2c_ex.c ****   else
 180:Drivers/STM32F0xx_HAL_Driver/Src/stm32f0xx_hal_i2c_ex.c ****   {
 181:Drivers/STM32F0xx_HAL_Driver/Src/stm32f0xx_hal_i2c_ex.c ****     return HAL_BUSY;
 182:Drivers/STM32F0xx_HAL_Driver/Src/stm32f0xx_hal_i2c_ex.c ****   }
 183:Drivers/STM32F0xx_HAL_Driver/Src/stm32f0xx_hal_i2c_ex.c **** }
 226              		.loc 1 183 1 view .LVU68
 227              		@ sp needed
 228 0046 F0BD     		pop	{r4, r5, r6, r7, pc}
 229              	.LVL15:
 230              	.L9:
 181:Drivers/STM32F0xx_HAL_Driver/Src/stm32f0xx_hal_i2c_ex.c ****   }
 231              		.loc 1 181 12 view .LVU69
 232 0048 0220     		movs	r0, #2
 233              	.LVL16:
 181:Drivers/STM32F0xx_HAL_Driver/Src/stm32f0xx_hal_i2c_ex.c ****   }
 234              		.loc 1 181 12 view .LVU70
 235 004a FCE7     		b	.L8
 236              	.LVL17:
 237              	.L10:
 151:Drivers/STM32F0xx_HAL_Driver/Src/stm32f0xx_hal_i2c_ex.c **** 
 238              		.loc 1 151 5 view .LVU71
 239 004c 0220     		movs	r0, #2
 240              	.LVL18:
 151:Drivers/STM32F0xx_HAL_Driver/Src/stm32f0xx_hal_i2c_ex.c **** 
 241              		.loc 1 151 5 view .LVU72
 242 004e FAE7     		b	.L8
 243              	.L12:
 244              		.align	2
 245              	.L11:
 246 0050 FFF0FFFF 		.word	-3841
 247              		.cfi_endproc
 248              	.LFE41:
 250              		.section	.text.HAL_I2CEx_EnableWakeUp,"ax",%progbits
 251              		.align	1
 252              		.global	HAL_I2CEx_EnableWakeUp
 253              		.syntax unified
 254              		.code	16
 255              		.thumb_func
 257              	HAL_I2CEx_EnableWakeUp:
 258              	.LVL19:
 259              	.LFB42:
 184:Drivers/STM32F0xx_HAL_Driver/Src/stm32f0xx_hal_i2c_ex.c **** /**
 185:Drivers/STM32F0xx_HAL_Driver/Src/stm32f0xx_hal_i2c_ex.c ****   * @}
 186:Drivers/STM32F0xx_HAL_Driver/Src/stm32f0xx_hal_i2c_ex.c ****   */
 187:Drivers/STM32F0xx_HAL_Driver/Src/stm32f0xx_hal_i2c_ex.c **** #if defined(I2C_CR1_WUPEN)
 188:Drivers/STM32F0xx_HAL_Driver/Src/stm32f0xx_hal_i2c_ex.c **** 
 189:Drivers/STM32F0xx_HAL_Driver/Src/stm32f0xx_hal_i2c_ex.c **** /** @defgroup I2CEx_Exported_Functions_Group2 WakeUp Mode Functions
 190:Drivers/STM32F0xx_HAL_Driver/Src/stm32f0xx_hal_i2c_ex.c ****   * @brief    WakeUp Mode Functions
 191:Drivers/STM32F0xx_HAL_Driver/Src/stm32f0xx_hal_i2c_ex.c ****   *
 192:Drivers/STM32F0xx_HAL_Driver/Src/stm32f0xx_hal_i2c_ex.c **** @verbatim
 193:Drivers/STM32F0xx_HAL_Driver/Src/stm32f0xx_hal_i2c_ex.c ****  ===============================================================================
 194:Drivers/STM32F0xx_HAL_Driver/Src/stm32f0xx_hal_i2c_ex.c ****                       ##### WakeUp Mode Functions #####
ARM GAS  C:\Users\Dylan\AppData\Local\Temp\ccEiFq7A.s 			page 9


 195:Drivers/STM32F0xx_HAL_Driver/Src/stm32f0xx_hal_i2c_ex.c ****  ===============================================================================
 196:Drivers/STM32F0xx_HAL_Driver/Src/stm32f0xx_hal_i2c_ex.c ****     [..] This section provides functions allowing to:
 197:Drivers/STM32F0xx_HAL_Driver/Src/stm32f0xx_hal_i2c_ex.c ****       (+) Configure Wake Up Feature
 198:Drivers/STM32F0xx_HAL_Driver/Src/stm32f0xx_hal_i2c_ex.c **** 
 199:Drivers/STM32F0xx_HAL_Driver/Src/stm32f0xx_hal_i2c_ex.c **** @endverbatim
 200:Drivers/STM32F0xx_HAL_Driver/Src/stm32f0xx_hal_i2c_ex.c ****   * @{
 201:Drivers/STM32F0xx_HAL_Driver/Src/stm32f0xx_hal_i2c_ex.c ****   */
 202:Drivers/STM32F0xx_HAL_Driver/Src/stm32f0xx_hal_i2c_ex.c **** 
 203:Drivers/STM32F0xx_HAL_Driver/Src/stm32f0xx_hal_i2c_ex.c **** /**
 204:Drivers/STM32F0xx_HAL_Driver/Src/stm32f0xx_hal_i2c_ex.c ****   * @brief  Enable I2C wakeup from Stop mode(s).
 205:Drivers/STM32F0xx_HAL_Driver/Src/stm32f0xx_hal_i2c_ex.c ****   * @param  hi2c Pointer to a I2C_HandleTypeDef structure that contains
 206:Drivers/STM32F0xx_HAL_Driver/Src/stm32f0xx_hal_i2c_ex.c ****   *                the configuration information for the specified I2Cx peripheral.
 207:Drivers/STM32F0xx_HAL_Driver/Src/stm32f0xx_hal_i2c_ex.c ****   * @retval HAL status
 208:Drivers/STM32F0xx_HAL_Driver/Src/stm32f0xx_hal_i2c_ex.c ****   */
 209:Drivers/STM32F0xx_HAL_Driver/Src/stm32f0xx_hal_i2c_ex.c **** HAL_StatusTypeDef HAL_I2CEx_EnableWakeUp(I2C_HandleTypeDef *hi2c)
 210:Drivers/STM32F0xx_HAL_Driver/Src/stm32f0xx_hal_i2c_ex.c **** {
 260              		.loc 1 210 1 is_stmt 1 view -0
 261              		.cfi_startproc
 262              		@ args = 0, pretend = 0, frame = 0
 263              		@ frame_needed = 0, uses_anonymous_args = 0
 264              		.loc 1 210 1 is_stmt 0 view .LVU74
 265 0000 70B5     		push	{r4, r5, r6, lr}
 266              		.cfi_def_cfa_offset 16
 267              		.cfi_offset 4, -16
 268              		.cfi_offset 5, -12
 269              		.cfi_offset 6, -8
 270              		.cfi_offset 14, -4
 211:Drivers/STM32F0xx_HAL_Driver/Src/stm32f0xx_hal_i2c_ex.c ****   /* Check the parameters */
 212:Drivers/STM32F0xx_HAL_Driver/Src/stm32f0xx_hal_i2c_ex.c ****   assert_param(IS_I2C_WAKEUP_FROMSTOP_INSTANCE(hi2c->Instance));
 271              		.loc 1 212 3 is_stmt 1 view .LVU75
 213:Drivers/STM32F0xx_HAL_Driver/Src/stm32f0xx_hal_i2c_ex.c **** 
 214:Drivers/STM32F0xx_HAL_Driver/Src/stm32f0xx_hal_i2c_ex.c ****   if (hi2c->State == HAL_I2C_STATE_READY)
 272              		.loc 1 214 3 view .LVU76
 273              		.loc 1 214 11 is_stmt 0 view .LVU77
 274 0002 4123     		movs	r3, #65
 275 0004 C35C     		ldrb	r3, [r0, r3]
 276              		.loc 1 214 6 view .LVU78
 277 0006 202B     		cmp	r3, #32
 278 0008 1DD1     		bne	.L15
 215:Drivers/STM32F0xx_HAL_Driver/Src/stm32f0xx_hal_i2c_ex.c ****   {
 216:Drivers/STM32F0xx_HAL_Driver/Src/stm32f0xx_hal_i2c_ex.c ****     /* Process Locked */
 217:Drivers/STM32F0xx_HAL_Driver/Src/stm32f0xx_hal_i2c_ex.c ****     __HAL_LOCK(hi2c);
 279              		.loc 1 217 5 is_stmt 1 view .LVU79
 280              		.loc 1 217 5 view .LVU80
 281 000a 2033     		adds	r3, r3, #32
 282 000c C35C     		ldrb	r3, [r0, r3]
 283 000e 012B     		cmp	r3, #1
 284 0010 1BD0     		beq	.L16
 285              		.loc 1 217 5 discriminator 2 view .LVU81
 286 0012 4021     		movs	r1, #64
 287 0014 0122     		movs	r2, #1
 288 0016 4254     		strb	r2, [r0, r1]
 289              		.loc 1 217 5 discriminator 2 view .LVU82
 218:Drivers/STM32F0xx_HAL_Driver/Src/stm32f0xx_hal_i2c_ex.c **** 
 219:Drivers/STM32F0xx_HAL_Driver/Src/stm32f0xx_hal_i2c_ex.c ****     hi2c->State = HAL_I2C_STATE_BUSY;
 290              		.loc 1 219 5 discriminator 2 view .LVU83
 291              		.loc 1 219 17 is_stmt 0 discriminator 2 view .LVU84
ARM GAS  C:\Users\Dylan\AppData\Local\Temp\ccEiFq7A.s 			page 10


 292 0018 4124     		movs	r4, #65
 293 001a 2423     		movs	r3, #36
 294 001c 0355     		strb	r3, [r0, r4]
 220:Drivers/STM32F0xx_HAL_Driver/Src/stm32f0xx_hal_i2c_ex.c **** 
 221:Drivers/STM32F0xx_HAL_Driver/Src/stm32f0xx_hal_i2c_ex.c ****     /* Disable the selected I2C peripheral */
 222:Drivers/STM32F0xx_HAL_Driver/Src/stm32f0xx_hal_i2c_ex.c ****     __HAL_I2C_DISABLE(hi2c);
 295              		.loc 1 222 5 is_stmt 1 discriminator 2 view .LVU85
 296 001e 0568     		ldr	r5, [r0]
 297 0020 2B68     		ldr	r3, [r5]
 298 0022 9343     		bics	r3, r2
 299 0024 2B60     		str	r3, [r5]
 223:Drivers/STM32F0xx_HAL_Driver/Src/stm32f0xx_hal_i2c_ex.c **** 
 224:Drivers/STM32F0xx_HAL_Driver/Src/stm32f0xx_hal_i2c_ex.c ****     /* Enable wakeup from stop mode */
 225:Drivers/STM32F0xx_HAL_Driver/Src/stm32f0xx_hal_i2c_ex.c ****     hi2c->Instance->CR1 |= I2C_CR1_WUPEN;
 300              		.loc 1 225 5 discriminator 2 view .LVU86
 301              		.loc 1 225 9 is_stmt 0 discriminator 2 view .LVU87
 302 0026 0568     		ldr	r5, [r0]
 303              		.loc 1 225 25 discriminator 2 view .LVU88
 304 0028 2E68     		ldr	r6, [r5]
 305 002a 8023     		movs	r3, #128
 306 002c DB02     		lsls	r3, r3, #11
 307 002e 3343     		orrs	r3, r6
 308 0030 2B60     		str	r3, [r5]
 226:Drivers/STM32F0xx_HAL_Driver/Src/stm32f0xx_hal_i2c_ex.c **** 
 227:Drivers/STM32F0xx_HAL_Driver/Src/stm32f0xx_hal_i2c_ex.c ****     __HAL_I2C_ENABLE(hi2c);
 309              		.loc 1 227 5 is_stmt 1 discriminator 2 view .LVU89
 310 0032 0568     		ldr	r5, [r0]
 311 0034 2B68     		ldr	r3, [r5]
 312 0036 1343     		orrs	r3, r2
 313 0038 2B60     		str	r3, [r5]
 228:Drivers/STM32F0xx_HAL_Driver/Src/stm32f0xx_hal_i2c_ex.c **** 
 229:Drivers/STM32F0xx_HAL_Driver/Src/stm32f0xx_hal_i2c_ex.c ****     hi2c->State = HAL_I2C_STATE_READY;
 314              		.loc 1 229 5 discriminator 2 view .LVU90
 315              		.loc 1 229 17 is_stmt 0 discriminator 2 view .LVU91
 316 003a 2023     		movs	r3, #32
 317 003c 0355     		strb	r3, [r0, r4]
 230:Drivers/STM32F0xx_HAL_Driver/Src/stm32f0xx_hal_i2c_ex.c **** 
 231:Drivers/STM32F0xx_HAL_Driver/Src/stm32f0xx_hal_i2c_ex.c ****     /* Process Unlocked */
 232:Drivers/STM32F0xx_HAL_Driver/Src/stm32f0xx_hal_i2c_ex.c ****     __HAL_UNLOCK(hi2c);
 318              		.loc 1 232 5 is_stmt 1 discriminator 2 view .LVU92
 319              		.loc 1 232 5 discriminator 2 view .LVU93
 320 003e 0023     		movs	r3, #0
 321 0040 4354     		strb	r3, [r0, r1]
 322              		.loc 1 232 5 discriminator 2 view .LVU94
 233:Drivers/STM32F0xx_HAL_Driver/Src/stm32f0xx_hal_i2c_ex.c **** 
 234:Drivers/STM32F0xx_HAL_Driver/Src/stm32f0xx_hal_i2c_ex.c ****     return HAL_OK;
 323              		.loc 1 234 5 discriminator 2 view .LVU95
 324              		.loc 1 234 12 is_stmt 0 discriminator 2 view .LVU96
 325 0042 0020     		movs	r0, #0
 326              	.LVL20:
 327              	.L14:
 235:Drivers/STM32F0xx_HAL_Driver/Src/stm32f0xx_hal_i2c_ex.c ****   }
 236:Drivers/STM32F0xx_HAL_Driver/Src/stm32f0xx_hal_i2c_ex.c ****   else
 237:Drivers/STM32F0xx_HAL_Driver/Src/stm32f0xx_hal_i2c_ex.c ****   {
 238:Drivers/STM32F0xx_HAL_Driver/Src/stm32f0xx_hal_i2c_ex.c ****     return HAL_BUSY;
 239:Drivers/STM32F0xx_HAL_Driver/Src/stm32f0xx_hal_i2c_ex.c ****   }
 240:Drivers/STM32F0xx_HAL_Driver/Src/stm32f0xx_hal_i2c_ex.c **** }
ARM GAS  C:\Users\Dylan\AppData\Local\Temp\ccEiFq7A.s 			page 11


 328              		.loc 1 240 1 view .LVU97
 329              		@ sp needed
 330 0044 70BD     		pop	{r4, r5, r6, pc}
 331              	.LVL21:
 332              	.L15:
 238:Drivers/STM32F0xx_HAL_Driver/Src/stm32f0xx_hal_i2c_ex.c ****   }
 333              		.loc 1 238 12 view .LVU98
 334 0046 0220     		movs	r0, #2
 335              	.LVL22:
 238:Drivers/STM32F0xx_HAL_Driver/Src/stm32f0xx_hal_i2c_ex.c ****   }
 336              		.loc 1 238 12 view .LVU99
 337 0048 FCE7     		b	.L14
 338              	.LVL23:
 339              	.L16:
 217:Drivers/STM32F0xx_HAL_Driver/Src/stm32f0xx_hal_i2c_ex.c **** 
 340              		.loc 1 217 5 view .LVU100
 341 004a 0220     		movs	r0, #2
 342              	.LVL24:
 217:Drivers/STM32F0xx_HAL_Driver/Src/stm32f0xx_hal_i2c_ex.c **** 
 343              		.loc 1 217 5 view .LVU101
 344 004c FAE7     		b	.L14
 345              		.cfi_endproc
 346              	.LFE42:
 348              		.section	.text.HAL_I2CEx_DisableWakeUp,"ax",%progbits
 349              		.align	1
 350              		.global	HAL_I2CEx_DisableWakeUp
 351              		.syntax unified
 352              		.code	16
 353              		.thumb_func
 355              	HAL_I2CEx_DisableWakeUp:
 356              	.LVL25:
 357              	.LFB43:
 241:Drivers/STM32F0xx_HAL_Driver/Src/stm32f0xx_hal_i2c_ex.c **** 
 242:Drivers/STM32F0xx_HAL_Driver/Src/stm32f0xx_hal_i2c_ex.c **** /**
 243:Drivers/STM32F0xx_HAL_Driver/Src/stm32f0xx_hal_i2c_ex.c ****   * @brief  Disable I2C wakeup from Stop mode(s).
 244:Drivers/STM32F0xx_HAL_Driver/Src/stm32f0xx_hal_i2c_ex.c ****   * @param  hi2c Pointer to a I2C_HandleTypeDef structure that contains
 245:Drivers/STM32F0xx_HAL_Driver/Src/stm32f0xx_hal_i2c_ex.c ****   *                the configuration information for the specified I2Cx peripheral.
 246:Drivers/STM32F0xx_HAL_Driver/Src/stm32f0xx_hal_i2c_ex.c ****   * @retval HAL status
 247:Drivers/STM32F0xx_HAL_Driver/Src/stm32f0xx_hal_i2c_ex.c ****   */
 248:Drivers/STM32F0xx_HAL_Driver/Src/stm32f0xx_hal_i2c_ex.c **** HAL_StatusTypeDef HAL_I2CEx_DisableWakeUp(I2C_HandleTypeDef *hi2c)
 249:Drivers/STM32F0xx_HAL_Driver/Src/stm32f0xx_hal_i2c_ex.c **** {
 358              		.loc 1 249 1 is_stmt 1 view -0
 359              		.cfi_startproc
 360              		@ args = 0, pretend = 0, frame = 0
 361              		@ frame_needed = 0, uses_anonymous_args = 0
 362              		.loc 1 249 1 is_stmt 0 view .LVU103
 363 0000 70B5     		push	{r4, r5, r6, lr}
 364              		.cfi_def_cfa_offset 16
 365              		.cfi_offset 4, -16
 366              		.cfi_offset 5, -12
 367              		.cfi_offset 6, -8
 368              		.cfi_offset 14, -4
 250:Drivers/STM32F0xx_HAL_Driver/Src/stm32f0xx_hal_i2c_ex.c ****   /* Check the parameters */
 251:Drivers/STM32F0xx_HAL_Driver/Src/stm32f0xx_hal_i2c_ex.c ****   assert_param(IS_I2C_WAKEUP_FROMSTOP_INSTANCE(hi2c->Instance));
 369              		.loc 1 251 3 is_stmt 1 view .LVU104
 252:Drivers/STM32F0xx_HAL_Driver/Src/stm32f0xx_hal_i2c_ex.c **** 
 253:Drivers/STM32F0xx_HAL_Driver/Src/stm32f0xx_hal_i2c_ex.c ****   if (hi2c->State == HAL_I2C_STATE_READY)
ARM GAS  C:\Users\Dylan\AppData\Local\Temp\ccEiFq7A.s 			page 12


 370              		.loc 1 253 3 view .LVU105
 371              		.loc 1 253 11 is_stmt 0 view .LVU106
 372 0002 4123     		movs	r3, #65
 373 0004 C35C     		ldrb	r3, [r0, r3]
 374              		.loc 1 253 6 view .LVU107
 375 0006 202B     		cmp	r3, #32
 376 0008 1CD1     		bne	.L19
 254:Drivers/STM32F0xx_HAL_Driver/Src/stm32f0xx_hal_i2c_ex.c ****   {
 255:Drivers/STM32F0xx_HAL_Driver/Src/stm32f0xx_hal_i2c_ex.c ****     /* Process Locked */
 256:Drivers/STM32F0xx_HAL_Driver/Src/stm32f0xx_hal_i2c_ex.c ****     __HAL_LOCK(hi2c);
 377              		.loc 1 256 5 is_stmt 1 view .LVU108
 378              		.loc 1 256 5 view .LVU109
 379 000a 2033     		adds	r3, r3, #32
 380 000c C35C     		ldrb	r3, [r0, r3]
 381 000e 012B     		cmp	r3, #1
 382 0010 1AD0     		beq	.L20
 383              		.loc 1 256 5 discriminator 2 view .LVU110
 384 0012 4021     		movs	r1, #64
 385 0014 0122     		movs	r2, #1
 386 0016 4254     		strb	r2, [r0, r1]
 387              		.loc 1 256 5 discriminator 2 view .LVU111
 257:Drivers/STM32F0xx_HAL_Driver/Src/stm32f0xx_hal_i2c_ex.c **** 
 258:Drivers/STM32F0xx_HAL_Driver/Src/stm32f0xx_hal_i2c_ex.c ****     hi2c->State = HAL_I2C_STATE_BUSY;
 388              		.loc 1 258 5 discriminator 2 view .LVU112
 389              		.loc 1 258 17 is_stmt 0 discriminator 2 view .LVU113
 390 0018 4124     		movs	r4, #65
 391 001a 2423     		movs	r3, #36
 392 001c 0355     		strb	r3, [r0, r4]
 259:Drivers/STM32F0xx_HAL_Driver/Src/stm32f0xx_hal_i2c_ex.c **** 
 260:Drivers/STM32F0xx_HAL_Driver/Src/stm32f0xx_hal_i2c_ex.c ****     /* Disable the selected I2C peripheral */
 261:Drivers/STM32F0xx_HAL_Driver/Src/stm32f0xx_hal_i2c_ex.c ****     __HAL_I2C_DISABLE(hi2c);
 393              		.loc 1 261 5 is_stmt 1 discriminator 2 view .LVU114
 394 001e 0568     		ldr	r5, [r0]
 395 0020 2B68     		ldr	r3, [r5]
 396 0022 9343     		bics	r3, r2
 397 0024 2B60     		str	r3, [r5]
 262:Drivers/STM32F0xx_HAL_Driver/Src/stm32f0xx_hal_i2c_ex.c **** 
 263:Drivers/STM32F0xx_HAL_Driver/Src/stm32f0xx_hal_i2c_ex.c ****     /* Enable wakeup from stop mode */
 264:Drivers/STM32F0xx_HAL_Driver/Src/stm32f0xx_hal_i2c_ex.c ****     hi2c->Instance->CR1 &= ~(I2C_CR1_WUPEN);
 398              		.loc 1 264 5 discriminator 2 view .LVU115
 399              		.loc 1 264 9 is_stmt 0 discriminator 2 view .LVU116
 400 0026 0568     		ldr	r5, [r0]
 401              		.loc 1 264 25 discriminator 2 view .LVU117
 402 0028 2B68     		ldr	r3, [r5]
 403 002a 084E     		ldr	r6, .L21
 404 002c 3340     		ands	r3, r6
 405 002e 2B60     		str	r3, [r5]
 265:Drivers/STM32F0xx_HAL_Driver/Src/stm32f0xx_hal_i2c_ex.c **** 
 266:Drivers/STM32F0xx_HAL_Driver/Src/stm32f0xx_hal_i2c_ex.c ****     __HAL_I2C_ENABLE(hi2c);
 406              		.loc 1 266 5 is_stmt 1 discriminator 2 view .LVU118
 407 0030 0568     		ldr	r5, [r0]
 408 0032 2B68     		ldr	r3, [r5]
 409 0034 1343     		orrs	r3, r2
 410 0036 2B60     		str	r3, [r5]
 267:Drivers/STM32F0xx_HAL_Driver/Src/stm32f0xx_hal_i2c_ex.c **** 
 268:Drivers/STM32F0xx_HAL_Driver/Src/stm32f0xx_hal_i2c_ex.c ****     hi2c->State = HAL_I2C_STATE_READY;
 411              		.loc 1 268 5 discriminator 2 view .LVU119
ARM GAS  C:\Users\Dylan\AppData\Local\Temp\ccEiFq7A.s 			page 13


 412              		.loc 1 268 17 is_stmt 0 discriminator 2 view .LVU120
 413 0038 2023     		movs	r3, #32
 414 003a 0355     		strb	r3, [r0, r4]
 269:Drivers/STM32F0xx_HAL_Driver/Src/stm32f0xx_hal_i2c_ex.c **** 
 270:Drivers/STM32F0xx_HAL_Driver/Src/stm32f0xx_hal_i2c_ex.c ****     /* Process Unlocked */
 271:Drivers/STM32F0xx_HAL_Driver/Src/stm32f0xx_hal_i2c_ex.c ****     __HAL_UNLOCK(hi2c);
 415              		.loc 1 271 5 is_stmt 1 discriminator 2 view .LVU121
 416              		.loc 1 271 5 discriminator 2 view .LVU122
 417 003c 0023     		movs	r3, #0
 418 003e 4354     		strb	r3, [r0, r1]
 419              		.loc 1 271 5 discriminator 2 view .LVU123
 272:Drivers/STM32F0xx_HAL_Driver/Src/stm32f0xx_hal_i2c_ex.c **** 
 273:Drivers/STM32F0xx_HAL_Driver/Src/stm32f0xx_hal_i2c_ex.c ****     return HAL_OK;
 420              		.loc 1 273 5 discriminator 2 view .LVU124
 421              		.loc 1 273 12 is_stmt 0 discriminator 2 view .LVU125
 422 0040 0020     		movs	r0, #0
 423              	.LVL26:
 424              	.L18:
 274:Drivers/STM32F0xx_HAL_Driver/Src/stm32f0xx_hal_i2c_ex.c ****   }
 275:Drivers/STM32F0xx_HAL_Driver/Src/stm32f0xx_hal_i2c_ex.c ****   else
 276:Drivers/STM32F0xx_HAL_Driver/Src/stm32f0xx_hal_i2c_ex.c ****   {
 277:Drivers/STM32F0xx_HAL_Driver/Src/stm32f0xx_hal_i2c_ex.c ****     return HAL_BUSY;
 278:Drivers/STM32F0xx_HAL_Driver/Src/stm32f0xx_hal_i2c_ex.c ****   }
 279:Drivers/STM32F0xx_HAL_Driver/Src/stm32f0xx_hal_i2c_ex.c **** }
 425              		.loc 1 279 1 view .LVU126
 426              		@ sp needed
 427 0042 70BD     		pop	{r4, r5, r6, pc}
 428              	.LVL27:
 429              	.L19:
 277:Drivers/STM32F0xx_HAL_Driver/Src/stm32f0xx_hal_i2c_ex.c ****   }
 430              		.loc 1 277 12 view .LVU127
 431 0044 0220     		movs	r0, #2
 432              	.LVL28:
 277:Drivers/STM32F0xx_HAL_Driver/Src/stm32f0xx_hal_i2c_ex.c ****   }
 433              		.loc 1 277 12 view .LVU128
 434 0046 FCE7     		b	.L18
 435              	.LVL29:
 436              	.L20:
 256:Drivers/STM32F0xx_HAL_Driver/Src/stm32f0xx_hal_i2c_ex.c **** 
 437              		.loc 1 256 5 view .LVU129
 438 0048 0220     		movs	r0, #2
 439              	.LVL30:
 256:Drivers/STM32F0xx_HAL_Driver/Src/stm32f0xx_hal_i2c_ex.c **** 
 440              		.loc 1 256 5 view .LVU130
 441 004a FAE7     		b	.L18
 442              	.L22:
 443              		.align	2
 444              	.L21:
 445 004c FFFFFBFF 		.word	-262145
 446              		.cfi_endproc
 447              	.LFE43:
 449              		.section	.text.HAL_I2CEx_EnableFastModePlus,"ax",%progbits
 450              		.align	1
 451              		.global	HAL_I2CEx_EnableFastModePlus
 452              		.syntax unified
 453              		.code	16
 454              		.thumb_func
ARM GAS  C:\Users\Dylan\AppData\Local\Temp\ccEiFq7A.s 			page 14


 456              	HAL_I2CEx_EnableFastModePlus:
 457              	.LVL31:
 458              	.LFB44:
 280:Drivers/STM32F0xx_HAL_Driver/Src/stm32f0xx_hal_i2c_ex.c **** /**
 281:Drivers/STM32F0xx_HAL_Driver/Src/stm32f0xx_hal_i2c_ex.c ****   * @}
 282:Drivers/STM32F0xx_HAL_Driver/Src/stm32f0xx_hal_i2c_ex.c ****   */
 283:Drivers/STM32F0xx_HAL_Driver/Src/stm32f0xx_hal_i2c_ex.c **** #endif /* I2C_CR1_WUPEN */
 284:Drivers/STM32F0xx_HAL_Driver/Src/stm32f0xx_hal_i2c_ex.c **** 
 285:Drivers/STM32F0xx_HAL_Driver/Src/stm32f0xx_hal_i2c_ex.c **** /** @defgroup I2CEx_Exported_Functions_Group3 Fast Mode Plus Functions
 286:Drivers/STM32F0xx_HAL_Driver/Src/stm32f0xx_hal_i2c_ex.c ****   * @brief    Fast Mode Plus Functions
 287:Drivers/STM32F0xx_HAL_Driver/Src/stm32f0xx_hal_i2c_ex.c ****   *
 288:Drivers/STM32F0xx_HAL_Driver/Src/stm32f0xx_hal_i2c_ex.c **** @verbatim
 289:Drivers/STM32F0xx_HAL_Driver/Src/stm32f0xx_hal_i2c_ex.c ****  ===============================================================================
 290:Drivers/STM32F0xx_HAL_Driver/Src/stm32f0xx_hal_i2c_ex.c ****                       ##### Fast Mode Plus Functions #####
 291:Drivers/STM32F0xx_HAL_Driver/Src/stm32f0xx_hal_i2c_ex.c ****  ===============================================================================
 292:Drivers/STM32F0xx_HAL_Driver/Src/stm32f0xx_hal_i2c_ex.c ****     [..] This section provides functions allowing to:
 293:Drivers/STM32F0xx_HAL_Driver/Src/stm32f0xx_hal_i2c_ex.c ****       (+) Configure Fast Mode Plus
 294:Drivers/STM32F0xx_HAL_Driver/Src/stm32f0xx_hal_i2c_ex.c **** 
 295:Drivers/STM32F0xx_HAL_Driver/Src/stm32f0xx_hal_i2c_ex.c **** @endverbatim
 296:Drivers/STM32F0xx_HAL_Driver/Src/stm32f0xx_hal_i2c_ex.c ****   * @{
 297:Drivers/STM32F0xx_HAL_Driver/Src/stm32f0xx_hal_i2c_ex.c ****   */
 298:Drivers/STM32F0xx_HAL_Driver/Src/stm32f0xx_hal_i2c_ex.c **** 
 299:Drivers/STM32F0xx_HAL_Driver/Src/stm32f0xx_hal_i2c_ex.c **** /**
 300:Drivers/STM32F0xx_HAL_Driver/Src/stm32f0xx_hal_i2c_ex.c ****   * @brief Enable the I2C fast mode plus driving capability.
 301:Drivers/STM32F0xx_HAL_Driver/Src/stm32f0xx_hal_i2c_ex.c ****   * @param ConfigFastModePlus Selects the pin.
 302:Drivers/STM32F0xx_HAL_Driver/Src/stm32f0xx_hal_i2c_ex.c ****   *   This parameter can be one of the @ref I2CEx_FastModePlus values
 303:Drivers/STM32F0xx_HAL_Driver/Src/stm32f0xx_hal_i2c_ex.c ****   * @note  For I2C1, fast mode plus driving capability can be enabled on all selected
 304:Drivers/STM32F0xx_HAL_Driver/Src/stm32f0xx_hal_i2c_ex.c ****   *        I2C1 pins using I2C_FASTMODEPLUS_I2C1 parameter or independently
 305:Drivers/STM32F0xx_HAL_Driver/Src/stm32f0xx_hal_i2c_ex.c ****   *        on each one of the following pins PB6, PB7, PB8 and PB9.
 306:Drivers/STM32F0xx_HAL_Driver/Src/stm32f0xx_hal_i2c_ex.c ****   * @note  For remaining I2C1 pins (PA14, PA15...) fast mode plus driving capability
 307:Drivers/STM32F0xx_HAL_Driver/Src/stm32f0xx_hal_i2c_ex.c ****   *        can be enabled only by using I2C_FASTMODEPLUS_I2C1 parameter.
 308:Drivers/STM32F0xx_HAL_Driver/Src/stm32f0xx_hal_i2c_ex.c ****   * @note  For all I2C2 pins fast mode plus driving capability can be enabled
 309:Drivers/STM32F0xx_HAL_Driver/Src/stm32f0xx_hal_i2c_ex.c ****   *        only by using I2C_FASTMODEPLUS_I2C2 parameter.
 310:Drivers/STM32F0xx_HAL_Driver/Src/stm32f0xx_hal_i2c_ex.c ****   * @retval None
 311:Drivers/STM32F0xx_HAL_Driver/Src/stm32f0xx_hal_i2c_ex.c ****   */
 312:Drivers/STM32F0xx_HAL_Driver/Src/stm32f0xx_hal_i2c_ex.c **** void HAL_I2CEx_EnableFastModePlus(uint32_t ConfigFastModePlus)
 313:Drivers/STM32F0xx_HAL_Driver/Src/stm32f0xx_hal_i2c_ex.c **** {
 459              		.loc 1 313 1 is_stmt 1 view -0
 460              		.cfi_startproc
 461              		@ args = 0, pretend = 0, frame = 8
 462              		@ frame_needed = 0, uses_anonymous_args = 0
 463              		@ link register save eliminated.
 464              		.loc 1 313 1 is_stmt 0 view .LVU132
 465 0000 82B0     		sub	sp, sp, #8
 466              		.cfi_def_cfa_offset 8
 314:Drivers/STM32F0xx_HAL_Driver/Src/stm32f0xx_hal_i2c_ex.c ****   /* Check the parameter */
 315:Drivers/STM32F0xx_HAL_Driver/Src/stm32f0xx_hal_i2c_ex.c ****   assert_param(IS_I2C_FASTMODEPLUS(ConfigFastModePlus));
 467              		.loc 1 315 3 is_stmt 1 view .LVU133
 316:Drivers/STM32F0xx_HAL_Driver/Src/stm32f0xx_hal_i2c_ex.c **** 
 317:Drivers/STM32F0xx_HAL_Driver/Src/stm32f0xx_hal_i2c_ex.c ****   /* Enable SYSCFG clock */
 318:Drivers/STM32F0xx_HAL_Driver/Src/stm32f0xx_hal_i2c_ex.c ****   __HAL_RCC_SYSCFG_CLK_ENABLE();
 468              		.loc 1 318 3 view .LVU134
 469              	.LBB2:
 470              		.loc 1 318 3 view .LVU135
 471              		.loc 1 318 3 view .LVU136
 472 0002 074A     		ldr	r2, .L24
 473 0004 9169     		ldr	r1, [r2, #24]
ARM GAS  C:\Users\Dylan\AppData\Local\Temp\ccEiFq7A.s 			page 15


 474 0006 0123     		movs	r3, #1
 475 0008 1943     		orrs	r1, r3
 476 000a 9161     		str	r1, [r2, #24]
 477              		.loc 1 318 3 view .LVU137
 478 000c 9269     		ldr	r2, [r2, #24]
 479 000e 1340     		ands	r3, r2
 480 0010 0193     		str	r3, [sp, #4]
 481              		.loc 1 318 3 view .LVU138
 482 0012 019B     		ldr	r3, [sp, #4]
 483              	.LBE2:
 484              		.loc 1 318 3 view .LVU139
 319:Drivers/STM32F0xx_HAL_Driver/Src/stm32f0xx_hal_i2c_ex.c **** 
 320:Drivers/STM32F0xx_HAL_Driver/Src/stm32f0xx_hal_i2c_ex.c ****   /* Enable fast mode plus driving capability for selected pin */
 321:Drivers/STM32F0xx_HAL_Driver/Src/stm32f0xx_hal_i2c_ex.c ****   SET_BIT(SYSCFG->CFGR1, (uint32_t)ConfigFastModePlus);
 485              		.loc 1 321 3 view .LVU140
 486 0014 034A     		ldr	r2, .L24+4
 487 0016 1368     		ldr	r3, [r2]
 488 0018 0343     		orrs	r3, r0
 489 001a 1360     		str	r3, [r2]
 322:Drivers/STM32F0xx_HAL_Driver/Src/stm32f0xx_hal_i2c_ex.c **** }
 490              		.loc 1 322 1 is_stmt 0 view .LVU141
 491 001c 02B0     		add	sp, sp, #8
 492              		@ sp needed
 493 001e 7047     		bx	lr
 494              	.L25:
 495              		.align	2
 496              	.L24:
 497 0020 00100240 		.word	1073876992
 498 0024 00000140 		.word	1073807360
 499              		.cfi_endproc
 500              	.LFE44:
 502              		.section	.text.HAL_I2CEx_DisableFastModePlus,"ax",%progbits
 503              		.align	1
 504              		.global	HAL_I2CEx_DisableFastModePlus
 505              		.syntax unified
 506              		.code	16
 507              		.thumb_func
 509              	HAL_I2CEx_DisableFastModePlus:
 510              	.LVL32:
 511              	.LFB45:
 323:Drivers/STM32F0xx_HAL_Driver/Src/stm32f0xx_hal_i2c_ex.c **** 
 324:Drivers/STM32F0xx_HAL_Driver/Src/stm32f0xx_hal_i2c_ex.c **** /**
 325:Drivers/STM32F0xx_HAL_Driver/Src/stm32f0xx_hal_i2c_ex.c ****   * @brief Disable the I2C fast mode plus driving capability.
 326:Drivers/STM32F0xx_HAL_Driver/Src/stm32f0xx_hal_i2c_ex.c ****   * @param ConfigFastModePlus Selects the pin.
 327:Drivers/STM32F0xx_HAL_Driver/Src/stm32f0xx_hal_i2c_ex.c ****   *   This parameter can be one of the @ref I2CEx_FastModePlus values
 328:Drivers/STM32F0xx_HAL_Driver/Src/stm32f0xx_hal_i2c_ex.c ****   * @note  For I2C1, fast mode plus driving capability can be disabled on all selected
 329:Drivers/STM32F0xx_HAL_Driver/Src/stm32f0xx_hal_i2c_ex.c ****   *        I2C1 pins using I2C_FASTMODEPLUS_I2C1 parameter or independently
 330:Drivers/STM32F0xx_HAL_Driver/Src/stm32f0xx_hal_i2c_ex.c ****   *        on each one of the following pins PB6, PB7, PB8 and PB9.
 331:Drivers/STM32F0xx_HAL_Driver/Src/stm32f0xx_hal_i2c_ex.c ****   * @note  For remaining I2C1 pins (PA14, PA15...) fast mode plus driving capability
 332:Drivers/STM32F0xx_HAL_Driver/Src/stm32f0xx_hal_i2c_ex.c ****   *        can be disabled only by using I2C_FASTMODEPLUS_I2C1 parameter.
 333:Drivers/STM32F0xx_HAL_Driver/Src/stm32f0xx_hal_i2c_ex.c ****   * @note  For all I2C2 pins fast mode plus driving capability can be disabled
 334:Drivers/STM32F0xx_HAL_Driver/Src/stm32f0xx_hal_i2c_ex.c ****   *        only by using I2C_FASTMODEPLUS_I2C2 parameter.
 335:Drivers/STM32F0xx_HAL_Driver/Src/stm32f0xx_hal_i2c_ex.c ****   * @retval None
 336:Drivers/STM32F0xx_HAL_Driver/Src/stm32f0xx_hal_i2c_ex.c ****   */
 337:Drivers/STM32F0xx_HAL_Driver/Src/stm32f0xx_hal_i2c_ex.c **** void HAL_I2CEx_DisableFastModePlus(uint32_t ConfigFastModePlus)
 338:Drivers/STM32F0xx_HAL_Driver/Src/stm32f0xx_hal_i2c_ex.c **** {
 512              		.loc 1 338 1 is_stmt 1 view -0
ARM GAS  C:\Users\Dylan\AppData\Local\Temp\ccEiFq7A.s 			page 16


 513              		.cfi_startproc
 514              		@ args = 0, pretend = 0, frame = 8
 515              		@ frame_needed = 0, uses_anonymous_args = 0
 516              		@ link register save eliminated.
 517              		.loc 1 338 1 is_stmt 0 view .LVU143
 518 0000 82B0     		sub	sp, sp, #8
 519              		.cfi_def_cfa_offset 8
 339:Drivers/STM32F0xx_HAL_Driver/Src/stm32f0xx_hal_i2c_ex.c ****   /* Check the parameter */
 340:Drivers/STM32F0xx_HAL_Driver/Src/stm32f0xx_hal_i2c_ex.c ****   assert_param(IS_I2C_FASTMODEPLUS(ConfigFastModePlus));
 520              		.loc 1 340 3 is_stmt 1 view .LVU144
 341:Drivers/STM32F0xx_HAL_Driver/Src/stm32f0xx_hal_i2c_ex.c **** 
 342:Drivers/STM32F0xx_HAL_Driver/Src/stm32f0xx_hal_i2c_ex.c ****   /* Enable SYSCFG clock */
 343:Drivers/STM32F0xx_HAL_Driver/Src/stm32f0xx_hal_i2c_ex.c ****   __HAL_RCC_SYSCFG_CLK_ENABLE();
 521              		.loc 1 343 3 view .LVU145
 522              	.LBB3:
 523              		.loc 1 343 3 view .LVU146
 524              		.loc 1 343 3 view .LVU147
 525 0002 074A     		ldr	r2, .L27
 526 0004 9169     		ldr	r1, [r2, #24]
 527 0006 0123     		movs	r3, #1
 528 0008 1943     		orrs	r1, r3
 529 000a 9161     		str	r1, [r2, #24]
 530              		.loc 1 343 3 view .LVU148
 531 000c 9269     		ldr	r2, [r2, #24]
 532 000e 1340     		ands	r3, r2
 533 0010 0193     		str	r3, [sp, #4]
 534              		.loc 1 343 3 view .LVU149
 535 0012 019B     		ldr	r3, [sp, #4]
 536              	.LBE3:
 537              		.loc 1 343 3 view .LVU150
 344:Drivers/STM32F0xx_HAL_Driver/Src/stm32f0xx_hal_i2c_ex.c **** 
 345:Drivers/STM32F0xx_HAL_Driver/Src/stm32f0xx_hal_i2c_ex.c ****   /* Disable fast mode plus driving capability for selected pin */
 346:Drivers/STM32F0xx_HAL_Driver/Src/stm32f0xx_hal_i2c_ex.c ****   CLEAR_BIT(SYSCFG->CFGR1, (uint32_t)ConfigFastModePlus);
 538              		.loc 1 346 3 view .LVU151
 539 0014 034A     		ldr	r2, .L27+4
 540 0016 1368     		ldr	r3, [r2]
 541 0018 8343     		bics	r3, r0
 542 001a 1360     		str	r3, [r2]
 347:Drivers/STM32F0xx_HAL_Driver/Src/stm32f0xx_hal_i2c_ex.c **** }
 543              		.loc 1 347 1 is_stmt 0 view .LVU152
 544 001c 02B0     		add	sp, sp, #8
 545              		@ sp needed
 546 001e 7047     		bx	lr
 547              	.L28:
 548              		.align	2
 549              	.L27:
 550 0020 00100240 		.word	1073876992
 551 0024 00000140 		.word	1073807360
 552              		.cfi_endproc
 553              	.LFE45:
 555              		.text
 556              	.Letext0:
 557              		.file 2 "c:\\users\\dylan\\appdata\\roaming\\code\\user\\globalstorage\\bmd.stm32-for-vscode\\@xpa
 558              		.file 3 "c:\\users\\dylan\\appdata\\roaming\\code\\user\\globalstorage\\bmd.stm32-for-vscode\\@xpa
 559              		.file 4 "Drivers/CMSIS/Device/ST/STM32F0xx/Include/stm32f051x8.h"
 560              		.file 5 "Drivers/STM32F0xx_HAL_Driver/Inc/stm32f0xx_hal_def.h"
 561              		.file 6 "Drivers/STM32F0xx_HAL_Driver/Inc/stm32f0xx_hal_dma.h"
ARM GAS  C:\Users\Dylan\AppData\Local\Temp\ccEiFq7A.s 			page 17


 562              		.file 7 "Drivers/STM32F0xx_HAL_Driver/Inc/stm32f0xx_hal_i2c.h"
ARM GAS  C:\Users\Dylan\AppData\Local\Temp\ccEiFq7A.s 			page 18


DEFINED SYMBOLS
                            *ABS*:0000000000000000 stm32f0xx_hal_i2c_ex.c
C:\Users\Dylan\AppData\Local\Temp\ccEiFq7A.s:18     .text.HAL_I2CEx_ConfigAnalogFilter:0000000000000000 $t
C:\Users\Dylan\AppData\Local\Temp\ccEiFq7A.s:24     .text.HAL_I2CEx_ConfigAnalogFilter:0000000000000000 HAL_I2CEx_ConfigAnalogFilter
C:\Users\Dylan\AppData\Local\Temp\ccEiFq7A.s:126    .text.HAL_I2CEx_ConfigAnalogFilter:0000000000000054 $d
C:\Users\Dylan\AppData\Local\Temp\ccEiFq7A.s:131    .text.HAL_I2CEx_ConfigDigitalFilter:0000000000000000 $t
C:\Users\Dylan\AppData\Local\Temp\ccEiFq7A.s:137    .text.HAL_I2CEx_ConfigDigitalFilter:0000000000000000 HAL_I2CEx_ConfigDigitalFilter
C:\Users\Dylan\AppData\Local\Temp\ccEiFq7A.s:246    .text.HAL_I2CEx_ConfigDigitalFilter:0000000000000050 $d
C:\Users\Dylan\AppData\Local\Temp\ccEiFq7A.s:251    .text.HAL_I2CEx_EnableWakeUp:0000000000000000 $t
C:\Users\Dylan\AppData\Local\Temp\ccEiFq7A.s:257    .text.HAL_I2CEx_EnableWakeUp:0000000000000000 HAL_I2CEx_EnableWakeUp
C:\Users\Dylan\AppData\Local\Temp\ccEiFq7A.s:349    .text.HAL_I2CEx_DisableWakeUp:0000000000000000 $t
C:\Users\Dylan\AppData\Local\Temp\ccEiFq7A.s:355    .text.HAL_I2CEx_DisableWakeUp:0000000000000000 HAL_I2CEx_DisableWakeUp
C:\Users\Dylan\AppData\Local\Temp\ccEiFq7A.s:445    .text.HAL_I2CEx_DisableWakeUp:000000000000004c $d
C:\Users\Dylan\AppData\Local\Temp\ccEiFq7A.s:450    .text.HAL_I2CEx_EnableFastModePlus:0000000000000000 $t
C:\Users\Dylan\AppData\Local\Temp\ccEiFq7A.s:456    .text.HAL_I2CEx_EnableFastModePlus:0000000000000000 HAL_I2CEx_EnableFastModePlus
C:\Users\Dylan\AppData\Local\Temp\ccEiFq7A.s:497    .text.HAL_I2CEx_EnableFastModePlus:0000000000000020 $d
C:\Users\Dylan\AppData\Local\Temp\ccEiFq7A.s:503    .text.HAL_I2CEx_DisableFastModePlus:0000000000000000 $t
C:\Users\Dylan\AppData\Local\Temp\ccEiFq7A.s:509    .text.HAL_I2CEx_DisableFastModePlus:0000000000000000 HAL_I2CEx_DisableFastModePlus
C:\Users\Dylan\AppData\Local\Temp\ccEiFq7A.s:550    .text.HAL_I2CEx_DisableFastModePlus:0000000000000020 $d

NO UNDEFINED SYMBOLS
